/*C2*/SET SCHEMA PUBLIC
INSERT INTO CARGO VALUES(1000,'ANALISTA DE SISTEMAS','ATUA EM PROJETOS, MANUTENCAO, MELHORIAS DE SISTEMAS DA EMPRESA',1,11.66)
ALTER SEQUENCE PUBLIC.SEQ_CARGO RESTART WITH 1001
COMMIT
INSERT INTO CONTA_BANCARIA VALUES(1000,104,12321,3213,1)
ALTER SEQUENCE PUBLIC.SEQ_CONTA_BANCARIA RESTART WITH 1001
COMMIT
INSERT INTO ENDERECO VALUES(1000,'PEDRO ELIAS GRACIANO',164,83320510,'PARANA','BRASIL')
ALTER SEQUENCE PUBLIC.SEQ_ENDERECO RESTART WITH 1001
COMMIT
ALTER SEQUENCE PUBLIC.SEQ_COLABORADOR RESTART WITH 1001
ALTER SEQUENCE PUBLIC.SEQ_COLABORADOR RESTART WITH 1005
ALTER SEQUENCE PUBLIC.SEQ_COLABORADOR RESTART WITH 1009
INSERT INTO CARGO VALUES(1001,'ANALISTA DE SISTEMAS','ATUA EM PROJETOS, MANUTENCAO, MELHORIAS DE SISTEMAS DA EMPRESA',1,11.66)
ALTER SEQUENCE PUBLIC.SEQ_CARGO RESTART WITH 1002
COMMIT
INSERT INTO CONTA_BANCARIA VALUES(1001,104,12321,3213,1)
ALTER SEQUENCE PUBLIC.SEQ_CONTA_BANCARIA RESTART WITH 1002
COMMIT
INSERT INTO ENDERECO VALUES(1001,'PEDRO ELIAS GRACIANO',164,83320510,'PARANA','BRASIL')
ALTER SEQUENCE PUBLIC.SEQ_ENDERECO RESTART WITH 1002
COMMIT
ALTER SEQUENCE PUBLIC.SEQ_COLABORADOR RESTART WITH 1010
INSERT INTO CARGO VALUES(1002,'ANALISTA DE SISTEMAS','ATUA EM PROJETOS, MANUTENCAO, MELHORIAS DE SISTEMAS DA EMPRESA',1,11.66)
ALTER SEQUENCE PUBLIC.SEQ_CARGO RESTART WITH 1003
COMMIT
INSERT INTO CONTA_BANCARIA VALUES(1002,104,12321,3213,1)
ALTER SEQUENCE PUBLIC.SEQ_CONTA_BANCARIA RESTART WITH 1003
COMMIT
INSERT INTO ENDERECO VALUES(1002,'PEDRO ELIAS GRACIANO',164,83320510,'PARANA','BRASIL')
ALTER SEQUENCE PUBLIC.SEQ_ENDERECO RESTART WITH 1003
COMMIT
ALTER SEQUENCE PUBLIC.SEQ_COLABORADOR RESTART WITH 1011
INSERT INTO COLABORADOR VALUES(1011,'DIEGO SERONATO',4391655985,NULL,NULL,NULL,12321,102938920,1002,1002,1002)
ALTER SEQUENCE PUBLIC.SEQ_COLABORADOR RESTART WITH 1012
COMMIT
INSERT INTO TELEFONE VALUES(1000,1011,41,25252095,1)
ALTER SEQUENCE PUBLIC.SEQ_TELEFONE RESTART WITH 1001
COMMIT
/*C3*/SET SCHEMA PUBLIC
DISCONNECT
/*C4*/SET SCHEMA PUBLIC
DISCONNECT
/*C5*/SET SCHEMA PUBLIC
DISCONNECT
/*C6*/SET SCHEMA PUBLIC
DISCONNECT
/*C2*/CREATE VIEW DADOS_COLABORADORES \u000aAS \u000aSELECT  CO.ID, CO.NOME, CO.CPF, CO.DT_NASCIMENTO, CO.GENERO, CO.EMAIL, CO.CTPS_NUM, CO.PIS_PASEP,\u000a        CB.ID ID_CONTA, CB.BANCO, CB.AGENCIA, CB.CONTA,CB.TIPO,\u000a        TE.ID ID_TELEFONE, TE.ID_COLABORADOR, TE.PREFIXO, TE.NUMERO, TE.TIPO TIPO_TELEFONE,\u000a        E.ID ID_ENDERECO, E.RUA, E.NUMERO NUMERO_RUA, E.CEP, E.ESTADO, E.PAIS,\u000a        CA.ID ID_CARGO, CA.NOME NOME_CARGO, CA.DESCRICAO, CA.NIVEL, CA.VALOR_BASE_HORA\u000aFROM \u000aCOLABORADOR CO JOIN CARGO CA\u000aON CO.ID_CARGO = CA.ID\u000aJOIN TELEFONE TE\u000aON CO.ID = TE.ID_COLABORADOR\u000aJOIN CONTA_BANCARIA CB\u000aON CO.ID_CONTA_BANCARIA = CB.ID\u000aJOIN ENDERECO E\u000aON CO.ID_ENDERECO = E.ID
/*C7*/SET SCHEMA PUBLIC
DISCONNECT
/*C8*/SET SCHEMA PUBLIC
DISCONNECT
/*C9*/SET SCHEMA PUBLIC
DISCONNECT
/*C10*/SET SCHEMA PUBLIC
DISCONNECT
/*C11*/SET SCHEMA PUBLIC
DISCONNECT
/*C12*/SET SCHEMA PUBLIC
DISCONNECT
/*C13*/SET SCHEMA PUBLIC
DISCONNECT
/*C14*/SET SCHEMA PUBLIC
DISCONNECT
/*C15*/SET SCHEMA PUBLIC
DISCONNECT
/*C16*/SET SCHEMA PUBLIC
DISCONNECT
/*C17*/SET SCHEMA PUBLIC
DISCONNECT
/*C18*/SET SCHEMA PUBLIC
DISCONNECT
/*C2*/DISCONNECT
